<?xml version="1.0" encoding="UTF-8"?>
<!-- Generated by org.testng.reporters.JUnitReportReporter -->
<testsuite hostname="DESKTOP-C8F0LTH" failures="0" tests="1" name="SDET25.CmdLine" time="0.021" errors="0" timestamp="2021-12-10T17:10:57 IST" skipped="0">
  <testcase classname="SDET25.CmdLine" name="NewLine" time="0.021"/>
  <system-out/>
</testsuite> <!-- SDET25.CmdLine -->
