<?xml version="1.0" encoding="UTF-8"?>
<!-- Generated by org.testng.reporters.JUnitReportReporter -->
<testsuite hostname="DESKTOP-C8F0LTH" failures="0" tests="1" name="SDET25.GitHub159Test" time="0.024" errors="0" timestamp="2021-12-10T12:33:18 IST" skipped="0">
  <testcase classname="SDET25.GitHub159Test" name="Git158" time="0.024"/>
  <system-out/>
</testsuite> <!-- SDET25.GitHub159Test -->
