<?xml version="1.0" encoding="UTF-8"?>
<!-- Generated by org.testng.reporters.JUnitReportReporter -->
<testsuite hostname="DESKTOP-C8F0LTH" failures="0" tests="1" name="SDET25.GitHubRepoTest" time="0.018" errors="0" timestamp="2021-12-10T12:51:40 IST" skipped="0">
  <testcase classname="SDET25.GitHubRepoTest" name="GitHubTest" time="0.018"/>
  <system-out/>
</testsuite> <!-- SDET25.GitHubRepoTest -->
